[Sat, 02 Jun 2012 04:51:34 GMT] INFO Server starting with config: {
  "environment": "development",
  "workers": 1,
  "port": 4000,
  "debug": true,
  "rotateWorkers": false,
  "rotationWindow": 7200000,
  "rotationTimeout": 300000,
  "logDir": "E:\\Workspace\\BitcoinVisualizer\\src\\bitcoinvisualizer\\client\\log",
  "gracefulShutdownTimeout": 30000,
  "heartbeatInterval": 5000,
  "heartbeatWindow": 20000,
  "staticFilePath": "E:\\Workspace\\BitcoinVisualizer\\src\\bitcoinvisualizer\\client\\public",
  "sessions": {
    "store": "memory",
    "key": "sid",
    "expiry": 1209600
  },
  "cookieSessionKey": "sdata",
  "metrics": null,
  "i18n": {
    "defaultLocale": "en-us",
    "loadPaths": [
      "E:\\Workspace\\BitcoinVisualizer\\src\\bitcoinvisualizer\\client\\config\\locales"
    ]
  },
  "ssl": null,
  "model": {
    "useTimestamps": false,
    "forceCamel": true
  },
  "detailedErrors": true,
  "hostname": null
}
[Sat, 02 Jun 2012 04:51:34 GMT] INFO Creating 1 worker process.
[Sat, 02 Jun 2012 04:51:34 GMT] INFO Server worker running in development on port 4000 with a PID of: 4660
[Sat, 02 Jun 2012 04:51:34 GMT] DEBUG LOGGING STARTED ============================================
[Sat, 02 Jun 2012 04:51:34 GMT] DEBUG ============================================================
